2025-10-16 13:38:58,743 INFO o.a.j.u.JMeterUtils: Setting Locale to en_EN
2025-10-16 13:38:58,782 INFO o.a.j.JMeter: Copyright (c) 1998-2024 The Apache Software Foundation
2025-10-16 13:38:58,782 INFO o.a.j.JMeter: Version 5.6.3
2025-10-16 13:38:58,782 INFO o.a.j.JMeter: java.version=21.0.6
2025-10-16 13:38:58,782 INFO o.a.j.JMeter: java.vm.name=Java HotSpot(TM) 64-Bit Server VM
2025-10-16 13:38:58,782 INFO o.a.j.JMeter: os.name=Windows 11
2025-10-16 13:38:58,782 INFO o.a.j.JMeter: os.arch=amd64
2025-10-16 13:38:58,782 INFO o.a.j.JMeter: os.version=10.0
2025-10-16 13:38:58,783 INFO o.a.j.JMeter: file.encoding=UTF-8
2025-10-16 13:38:58,783 INFO o.a.j.JMeter: java.awt.headless=true
2025-10-16 13:38:58,783 INFO o.a.j.JMeter: Max memory     =1073741824
2025-10-16 13:38:58,787 INFO o.a.j.JMeter: Available Processors =8
2025-10-16 13:38:58,801 INFO o.a.j.JMeter: Default Locale=English (EN)
2025-10-16 13:38:58,802 INFO o.a.j.JMeter: JMeter  Locale=English (EN)
2025-10-16 13:38:58,802 INFO o.a.j.JMeter: JMeterHome=C:\Program Files\apache-jmeter-5.6.3\apache-jmeter-5.6.3
2025-10-16 13:38:58,802 INFO o.a.j.JMeter: user.dir  =C:\Users\Usuario\Desktop\Universidad\Quinto Semestre\Testing de Performance\Sesion 5\performance-pipeline
2025-10-16 13:38:58,803 INFO o.a.j.JMeter: PWD       =C:\Users\Usuario\Desktop\Universidad\Quinto Semestre\Testing de Performance\Sesion 5\performance-pipeline
2025-10-16 13:38:58,805 INFO o.a.j.JMeter: IP: 192.168.1.9 Name: DESKTOP-IN79CHD FullName: host.docker.internal
2025-10-16 13:38:58,821 INFO o.a.j.JMeter: Setting property 'jmeter.reportgenerator.outputdir' to:'C:\Users\Usuario\Desktop\Universidad\Quinto Semestre\Testing de Performance\Sesion 5\performance-pipeline\results\html-report'
2025-10-16 13:38:58,825 INFO o.a.j.s.FileServer: Default base='C:\Users\Usuario\Desktop\Universidad\Quinto Semestre\Testing de Performance\Sesion 5\performance-pipeline'
2025-10-16 13:38:58,826 INFO o.a.j.s.FileServer: Set new base='C:\Users\Usuario\Desktop\Universidad\Quinto Semestre\Testing de Performance\Sesion 5\performance-pipeline\test-plans'
2025-10-16 13:38:59,057 INFO o.a.j.s.SaveService: Testplan (JMX) version: 2.2. Testlog (JTL) version: 2.2
2025-10-16 13:38:59,095 INFO o.a.j.s.SaveService: Using SaveService properties version 5.0
2025-10-16 13:38:59,098 INFO o.a.j.s.SaveService: Using SaveService properties file encoding UTF-8
2025-10-16 13:38:59,103 INFO o.a.j.s.SaveService: Loading file: C:\Users\Usuario\Desktop\Universidad\Quinto Semestre\Testing de Performance\Sesion 5\performance-pipeline\test-plans\api-performance.jmx
2025-10-16 13:38:59,209 INFO o.a.j.r.d.ReportGenerator: ReportGenerator will use for Parsing the separator: ','
2025-10-16 13:38:59,210 INFO o.a.j.r.d.ReportGenerator: Will generate report at end of test from  results file: C:\Users\Usuario\Desktop\Universidad\Quinto Semestre\Testing de Performance\Sesion 5\performance-pipeline\results\results.jtl
2025-10-16 13:38:59,210 INFO o.a.j.r.d.ReportGenerator: Reading report generator properties from: C:\Program Files\apache-jmeter-5.6.3\apache-jmeter-5.6.3\bin\reportgenerator.properties
2025-10-16 13:38:59,211 INFO o.a.j.r.d.ReportGenerator: Merging with JMeter properties
2025-10-16 13:38:59,215 INFO o.a.j.r.c.ReportGeneratorConfiguration: Property 'jmeter.reportgenerator.temp_dir' not found, using default value 'temp' instead.
2025-10-16 13:38:59,219 INFO o.a.j.r.c.ReportGeneratorConfiguration: Property 'jmeter.reportgenerator.apdex_per_transaction' not found, using default value 'null' instead.
2025-10-16 13:38:59,219 INFO o.a.j.r.c.ReportGeneratorConfiguration: apdex_per_transaction is empty, not APDEX per transaction customization
2025-10-16 13:38:59,219 INFO o.a.j.r.c.ReportGeneratorConfiguration: Property 'jmeter.reportgenerator.sample_filter' not found, using default value 'null' instead.
2025-10-16 13:38:59,220 INFO o.a.j.r.c.ReportGeneratorConfiguration: Property 'jmeter.reportgenerator.report_title' not found, using default value 'null' instead.
2025-10-16 13:38:59,220 INFO o.a.j.r.c.ReportGeneratorConfiguration: Property 'jmeter.reportgenerator.start_date' not found, using default value 'null' instead.
2025-10-16 13:38:59,220 INFO o.a.j.r.c.ReportGeneratorConfiguration: Property 'jmeter.reportgenerator.end_date' not found, using default value 'null' instead.
2025-10-16 13:38:59,220 INFO o.a.j.r.c.ReportGeneratorConfiguration: Property 'jmeter.reportgenerator.date_format' not found, using default value 'null' instead.
2025-10-16 13:38:59,220 INFO o.a.j.r.c.ReportGeneratorConfiguration: Will use date range start date: null, end date: null
2025-10-16 13:38:59,223 INFO o.a.j.r.c.ReportGeneratorConfiguration: Property 'jmeter.reportgenerator.graph.totalTPS.exclude_controllers' not found, using default value 'false' instead.
2025-10-16 13:38:59,224 INFO o.a.j.r.c.ReportGeneratorConfiguration: Property 'jmeter.reportgenerator.graph.activeThreadsOverTime.exclude_controllers' not found, using default value 'false' instead.
2025-10-16 13:38:59,224 INFO o.a.j.r.c.ReportGeneratorConfiguration: Property 'jmeter.reportgenerator.graph.timeVsThreads.exclude_controllers' not found, using default value 'false' instead.
2025-10-16 13:38:59,224 INFO o.a.j.r.c.ReportGeneratorConfiguration: Property 'jmeter.reportgenerator.graph.responseTimeDistribution.exclude_controllers' not found, using default value 'false' instead.
2025-10-16 13:38:59,224 INFO o.a.j.r.c.ReportGeneratorConfiguration: Property 'jmeter.reportgenerator.graph.transactionsPerSecond.exclude_controllers' not found, using default value 'false' instead.
2025-10-16 13:38:59,224 INFO o.a.j.r.c.ReportGeneratorConfiguration: Property 'jmeter.reportgenerator.graph.responseTimePercentiles.exclude_controllers' not found, using default value 'false' instead.
2025-10-16 13:38:59,224 INFO o.a.j.r.c.ReportGeneratorConfiguration: Property 'jmeter.reportgenerator.graph.responseTimePercentilesOverTime.exclude_controllers' not found, using default value 'false' instead.
2025-10-16 13:38:59,224 INFO o.a.j.r.c.ReportGeneratorConfiguration: Property 'jmeter.reportgenerator.graph.responseTimesOverTime.exclude_controllers' not found, using default value 'false' instead.
2025-10-16 13:38:59,224 INFO o.a.j.r.c.ReportGeneratorConfiguration: Property 'jmeter.reportgenerator.graph.connectTimeOverTime.exclude_controllers' not found, using default value 'false' instead.
2025-10-16 13:38:59,225 INFO o.a.j.r.c.ReportGeneratorConfiguration: Property 'jmeter.reportgenerator.graph.latenciesOverTime.exclude_controllers' not found, using default value 'false' instead.
2025-10-16 13:38:59,226 INFO o.a.j.r.c.ReportGeneratorConfiguration: Property 'jmeter.reportgenerator.exporter.json.filters_only_sample_series' not found, using default value 'true' instead.
2025-10-16 13:38:59,226 INFO o.a.j.r.c.ReportGeneratorConfiguration: Property 'jmeter.reportgenerator.exporter.json.series_filter' not found, using default value '' instead.
2025-10-16 13:38:59,226 INFO o.a.j.r.c.ReportGeneratorConfiguration: Property 'jmeter.reportgenerator.exporter.json.show_controllers_only' not found, using default value 'false' instead.
2025-10-16 13:38:59,226 INFO o.a.j.r.c.ReportGeneratorConfiguration: Property 'jmeter.reportgenerator.exporter.html.filters_only_sample_series' not found, using default value 'true' instead.
2025-10-16 13:38:59,227 INFO o.a.j.r.c.ReportGeneratorConfiguration: Property 'jmeter.reportgenerator.exporter.html.series_filter' not found, using default value '' instead.
2025-10-16 13:38:59,227 INFO o.a.j.r.c.ReportGeneratorConfiguration: Property 'jmeter.reportgenerator.exporter.html.show_controllers_only' not found, using default value 'false' instead.
2025-10-16 13:38:59,246 INFO o.a.j.e.StandardJMeterEngine: Running the test!
2025-10-16 13:38:59,247 INFO o.a.j.s.SampleEvent: List of sample_variables: []
2025-10-16 13:38:59,247 INFO o.a.j.s.SampleEvent: List of sample_variables: []
2025-10-16 13:38:59,339 INFO o.a.j.r.ClassFinder: Will scan jar C:\Program Files\apache-jmeter-5.6.3\apache-jmeter-5.6.3\lib\ext\jmeter-prometheus-plugin-0.7.1.jar with filter ExtendsClassFilter [parents=[interface org.apache.jmeter.functions.Function], inner=false, contains=null, notContains=null]. Consider exposing JMeter plugins via META-INF/services, and add JMeter-Skip-Class-Scanning=true manifest attribute so JMeter can skip classfile scanning
2025-10-16 13:38:59,372 INFO o.a.j.JMeter: Running test (1760632739372)
2025-10-16 13:38:59,393 INFO o.a.j.e.StandardJMeterEngine: Starting ThreadGroup: 1 : recorrido
2025-10-16 13:38:59,394 INFO o.a.j.e.StandardJMeterEngine: Starting 50 threads for group recorrido.
2025-10-16 13:38:59,394 INFO o.a.j.e.StandardJMeterEngine: Thread will continue on error
2025-10-16 13:38:59,394 INFO o.a.j.t.ThreadGroup: Starting thread group... number=1 threads=50 ramp-up=120 delayedStart=false
2025-10-16 13:38:59,406 INFO o.a.j.t.JMeterThread: Thread started: recorrido 1-1
2025-10-16 13:38:59,444 INFO o.a.j.p.h.s.HTTPHCAbstractImpl: Local host = DESKTOP-IN79CHD
2025-10-16 13:38:59,451 INFO o.a.j.t.ThreadGroup: Started thread group number 1
2025-10-16 13:38:59,451 INFO o.a.j.e.StandardJMeterEngine: All thread groups have been started
2025-10-16 13:38:59,461 INFO o.a.j.p.h.s.HTTPHC4Impl: HTTP request retry count = 0
2025-10-16 13:38:59,462 INFO o.a.j.s.SampleResult: Note: Sample TimeStamps are END times
2025-10-16 13:38:59,462 INFO o.a.j.s.SampleResult: sampleresult.default.encoding is set to UTF-8
2025-10-16 13:38:59,463 INFO o.a.j.s.SampleResult: sampleresult.useNanoTime=true
2025-10-16 13:38:59,463 INFO o.a.j.s.SampleResult: sampleresult.nanoThreadSleep=5000
2025-10-16 13:38:59,621 INFO o.a.j.p.h.s.h.LazyLayeredConnectionSocketFactory: Setting up HTTPS TrustAll Socket Factory
2025-10-16 13:38:59,630 INFO o.a.j.u.JsseSSLManager: Using default SSL protocol: TLS
2025-10-16 13:38:59,630 INFO o.a.j.u.JsseSSLManager: SSL session context: per-thread
2025-10-16 13:38:59,931 INFO o.a.j.u.SSLManager: JmeterKeyStore Location:  type JKS
2025-10-16 13:38:59,937 INFO o.a.j.u.SSLManager: KeyStore created OK
2025-10-16 13:38:59,937 WARN o.a.j.u.SSLManager: Keystore file not found, loading empty keystore
2025-10-16 13:39:01,800 INFO o.a.j.t.JMeterThread: Thread started: recorrido 1-2
2025-10-16 13:39:02,098 INFO o.a.j.t.JMeterThread: Thread is done: recorrido 1-1
2025-10-16 13:39:02,098 INFO o.a.j.t.JMeterThread: Thread finished: recorrido 1-1
2025-10-16 13:39:03,851 INFO o.a.j.t.JMeterThread: Thread is done: recorrido 1-2
2025-10-16 13:39:03,852 INFO o.a.j.t.JMeterThread: Thread finished: recorrido 1-2
2025-10-16 13:39:04,199 INFO o.a.j.t.JMeterThread: Thread started: recorrido 1-3
2025-10-16 13:39:06,000 INFO o.a.j.t.JMeterThread: Thread is done: recorrido 1-3
2025-10-16 13:39:06,000 INFO o.a.j.t.JMeterThread: Thread finished: recorrido 1-3
2025-10-16 13:39:06,603 INFO o.a.j.t.JMeterThread: Thread started: recorrido 1-4
2025-10-16 13:39:08,223 INFO o.a.j.t.JMeterThread: Thread is done: recorrido 1-4
2025-10-16 13:39:08,224 INFO o.a.j.t.JMeterThread: Thread finished: recorrido 1-4
2025-10-16 13:39:08,998 INFO o.a.j.t.JMeterThread: Thread started: recorrido 1-5
2025-10-16 13:39:10,479 INFO o.a.j.t.JMeterThread: Thread is done: recorrido 1-5
2025-10-16 13:39:10,480 INFO o.a.j.t.JMeterThread: Thread finished: recorrido 1-5
2025-10-16 13:39:11,398 INFO o.a.j.t.JMeterThread: Thread started: recorrido 1-6
2025-10-16 13:39:12,868 INFO o.a.j.t.JMeterThread: Thread is done: recorrido 1-6
2025-10-16 13:39:12,868 INFO o.a.j.t.JMeterThread: Thread finished: recorrido 1-6
2025-10-16 13:39:13,798 INFO o.a.j.t.JMeterThread: Thread started: recorrido 1-7
2025-10-16 13:39:15,272 INFO o.a.j.t.JMeterThread: Thread is done: recorrido 1-7
2025-10-16 13:39:15,273 INFO o.a.j.t.JMeterThread: Thread finished: recorrido 1-7
2025-10-16 13:39:16,197 INFO o.a.j.t.JMeterThread: Thread started: recorrido 1-8
2025-10-16 13:39:17,666 INFO o.a.j.t.JMeterThread: Thread is done: recorrido 1-8
2025-10-16 13:39:17,667 INFO o.a.j.t.JMeterThread: Thread finished: recorrido 1-8
2025-10-16 13:39:18,598 INFO o.a.j.t.JMeterThread: Thread started: recorrido 1-9
2025-10-16 13:39:20,678 INFO o.a.j.t.JMeterThread: Thread is done: recorrido 1-9
2025-10-16 13:39:20,678 INFO o.a.j.t.JMeterThread: Thread finished: recorrido 1-9
2025-10-16 13:39:20,996 INFO o.a.j.t.JMeterThread: Thread started: recorrido 1-10
2025-10-16 13:39:22,454 INFO o.a.j.t.JMeterThread: Thread is done: recorrido 1-10
2025-10-16 13:39:22,454 INFO o.a.j.t.JMeterThread: Thread finished: recorrido 1-10
2025-10-16 13:39:23,397 INFO o.a.j.t.JMeterThread: Thread started: recorrido 1-11
2025-10-16 13:39:24,857 INFO o.a.j.t.JMeterThread: Thread is done: recorrido 1-11
2025-10-16 13:39:24,857 INFO o.a.j.t.JMeterThread: Thread finished: recorrido 1-11
2025-10-16 13:39:25,800 INFO o.a.j.t.JMeterThread: Thread started: recorrido 1-12
2025-10-16 13:39:27,514 INFO o.a.j.t.JMeterThread: Thread is done: recorrido 1-12
2025-10-16 13:39:27,515 INFO o.a.j.t.JMeterThread: Thread finished: recorrido 1-12
2025-10-16 13:39:28,211 INFO o.a.j.t.JMeterThread: Thread started: recorrido 1-13
2025-10-16 13:39:29,675 INFO o.a.j.t.JMeterThread: Thread is done: recorrido 1-13
2025-10-16 13:39:29,675 INFO o.a.j.t.JMeterThread: Thread finished: recorrido 1-13
2025-10-16 13:39:30,597 INFO o.a.j.t.JMeterThread: Thread started: recorrido 1-14
2025-10-16 13:39:32,658 INFO o.a.j.t.JMeterThread: Thread is done: recorrido 1-14
2025-10-16 13:39:32,658 INFO o.a.j.t.JMeterThread: Thread finished: recorrido 1-14
2025-10-16 13:39:32,998 INFO o.a.j.t.JMeterThread: Thread started: recorrido 1-15
2025-10-16 13:39:35,174 INFO o.a.j.t.JMeterThread: Thread is done: recorrido 1-15
2025-10-16 13:39:35,174 INFO o.a.j.t.JMeterThread: Thread finished: recorrido 1-15
2025-10-16 13:39:35,397 INFO o.a.j.t.JMeterThread: Thread started: recorrido 1-16
2025-10-16 13:39:37,660 INFO o.a.j.t.JMeterThread: Thread is done: recorrido 1-16
2025-10-16 13:39:37,660 INFO o.a.j.t.JMeterThread: Thread finished: recorrido 1-16
2025-10-16 13:39:37,798 INFO o.a.j.t.JMeterThread: Thread started: recorrido 1-17
2025-10-16 13:39:39,905 INFO o.a.j.t.JMeterThread: Thread is done: recorrido 1-17
2025-10-16 13:39:39,905 INFO o.a.j.t.JMeterThread: Thread finished: recorrido 1-17
2025-10-16 13:39:40,196 INFO o.a.j.t.JMeterThread: Thread started: recorrido 1-18
2025-10-16 13:39:41,960 INFO o.a.j.t.JMeterThread: Thread is done: recorrido 1-18
2025-10-16 13:39:41,960 INFO o.a.j.t.JMeterThread: Thread finished: recorrido 1-18
2025-10-16 13:39:42,595 INFO o.a.j.t.JMeterThread: Thread started: recorrido 1-19
2025-10-16 13:39:44,050 INFO o.a.j.t.JMeterThread: Thread is done: recorrido 1-19
2025-10-16 13:39:44,051 INFO o.a.j.t.JMeterThread: Thread finished: recorrido 1-19
2025-10-16 13:39:44,996 INFO o.a.j.t.JMeterThread: Thread started: recorrido 1-20
2025-10-16 13:39:47,396 INFO o.a.j.t.JMeterThread: Thread started: recorrido 1-21
2025-10-16 13:39:47,402 INFO o.a.j.t.JMeterThread: Thread is done: recorrido 1-20
2025-10-16 13:39:47,402 INFO o.a.j.t.JMeterThread: Thread finished: recorrido 1-20
2025-10-16 13:39:49,797 INFO o.a.j.t.JMeterThread: Thread started: recorrido 1-22
2025-10-16 13:39:50,180 INFO o.a.j.t.JMeterThread: Thread is done: recorrido 1-21
2025-10-16 13:39:50,181 INFO o.a.j.t.JMeterThread: Thread finished: recorrido 1-21
2025-10-16 13:39:51,892 INFO o.a.j.t.JMeterThread: Thread is done: recorrido 1-22
2025-10-16 13:39:51,892 INFO o.a.j.t.JMeterThread: Thread finished: recorrido 1-22
2025-10-16 13:39:52,198 INFO o.a.j.t.JMeterThread: Thread started: recorrido 1-23
2025-10-16 13:39:54,611 INFO o.a.j.t.JMeterThread: Thread started: recorrido 1-24
2025-10-16 13:39:54,770 INFO o.a.j.t.JMeterThread: Thread is done: recorrido 1-23
2025-10-16 13:39:54,770 INFO o.a.j.t.JMeterThread: Thread finished: recorrido 1-23
2025-10-16 13:39:56,914 INFO o.a.j.t.JMeterThread: Thread is done: recorrido 1-24
2025-10-16 13:39:56,915 INFO o.a.j.t.JMeterThread: Thread finished: recorrido 1-24
2025-10-16 13:39:56,996 INFO o.a.j.t.JMeterThread: Thread started: recorrido 1-25
2025-10-16 13:39:58,598 INFO o.a.j.t.JMeterThread: Thread is done: recorrido 1-25
2025-10-16 13:39:58,598 INFO o.a.j.t.JMeterThread: Thread finished: recorrido 1-25
2025-10-16 13:39:59,396 INFO o.a.j.t.JMeterThread: Thread started: recorrido 1-26
2025-10-16 13:40:01,798 INFO o.a.j.t.JMeterThread: Thread started: recorrido 1-27
2025-10-16 13:40:01,824 INFO o.a.j.t.JMeterThread: Thread is done: recorrido 1-26
2025-10-16 13:40:01,824 INFO o.a.j.t.JMeterThread: Thread finished: recorrido 1-26
2025-10-16 13:40:04,197 INFO o.a.j.t.JMeterThread: Thread started: recorrido 1-28
2025-10-16 13:40:04,363 INFO o.a.j.t.JMeterThread: Thread is done: recorrido 1-27
2025-10-16 13:40:04,363 INFO o.a.j.t.JMeterThread: Thread finished: recorrido 1-27
2025-10-16 13:40:06,597 INFO o.a.j.t.JMeterThread: Thread started: recorrido 1-29
2025-10-16 13:40:06,815 INFO o.a.j.t.JMeterThread: Thread is done: recorrido 1-28
2025-10-16 13:40:06,815 INFO o.a.j.t.JMeterThread: Thread finished: recorrido 1-28
2025-10-16 13:40:08,997 INFO o.a.j.t.JMeterThread: Thread started: recorrido 1-30
2025-10-16 13:40:09,170 INFO o.a.j.t.JMeterThread: Thread is done: recorrido 1-29
2025-10-16 13:40:09,171 INFO o.a.j.t.JMeterThread: Thread finished: recorrido 1-29
2025-10-16 13:40:11,263 INFO o.a.j.t.JMeterThread: Thread is done: recorrido 1-30
2025-10-16 13:40:11,263 INFO o.a.j.t.JMeterThread: Thread finished: recorrido 1-30
2025-10-16 13:40:11,397 INFO o.a.j.t.JMeterThread: Thread started: recorrido 1-31
2025-10-16 13:40:12,869 INFO o.a.j.t.JMeterThread: Thread is done: recorrido 1-31
2025-10-16 13:40:12,869 INFO o.a.j.t.JMeterThread: Thread finished: recorrido 1-31
2025-10-16 13:40:13,798 INFO o.a.j.t.JMeterThread: Thread started: recorrido 1-32
2025-10-16 13:40:16,196 INFO o.a.j.t.JMeterThread: Thread started: recorrido 1-33
2025-10-16 13:40:16,440 INFO o.a.j.t.JMeterThread: Thread is done: recorrido 1-32
2025-10-16 13:40:16,440 INFO o.a.j.t.JMeterThread: Thread finished: recorrido 1-32
2025-10-16 13:40:18,161 INFO o.a.j.t.JMeterThread: Thread is done: recorrido 1-33
2025-10-16 13:40:18,161 INFO o.a.j.t.JMeterThread: Thread finished: recorrido 1-33
2025-10-16 13:40:18,598 INFO o.a.j.t.JMeterThread: Thread started: recorrido 1-34
2025-10-16 13:40:20,176 INFO o.a.j.t.JMeterThread: Thread is done: recorrido 1-34
2025-10-16 13:40:20,176 INFO o.a.j.t.JMeterThread: Thread finished: recorrido 1-34
2025-10-16 13:40:20,995 INFO o.a.j.t.JMeterThread: Thread started: recorrido 1-35
2025-10-16 13:40:22,522 INFO o.a.j.t.JMeterThread: Thread is done: recorrido 1-35
2025-10-16 13:40:22,522 INFO o.a.j.t.JMeterThread: Thread finished: recorrido 1-35
2025-10-16 13:40:23,411 INFO o.a.j.t.JMeterThread: Thread started: recorrido 1-36
2025-10-16 13:40:25,798 INFO o.a.j.t.JMeterThread: Thread started: recorrido 1-37
2025-10-16 13:40:25,804 INFO o.a.j.t.JMeterThread: Thread is done: recorrido 1-36
2025-10-16 13:40:25,804 INFO o.a.j.t.JMeterThread: Thread finished: recorrido 1-36
2025-10-16 13:40:28,114 INFO o.a.j.t.JMeterThread: Thread is done: recorrido 1-37
2025-10-16 13:40:28,114 INFO o.a.j.t.JMeterThread: Thread finished: recorrido 1-37
2025-10-16 13:40:28,198 INFO o.a.j.t.JMeterThread: Thread started: recorrido 1-38
2025-10-16 13:40:30,528 INFO o.a.j.t.JMeterThread: Thread is done: recorrido 1-38
2025-10-16 13:40:30,529 INFO o.a.j.t.JMeterThread: Thread finished: recorrido 1-38
2025-10-16 13:40:30,599 INFO o.a.j.t.JMeterThread: Thread started: recorrido 1-39
2025-10-16 13:40:32,998 INFO o.a.j.t.JMeterThread: Thread started: recorrido 1-40
2025-10-16 13:40:33,024 INFO o.a.j.t.JMeterThread: Thread is done: recorrido 1-39
2025-10-16 13:40:33,024 INFO o.a.j.t.JMeterThread: Thread finished: recorrido 1-39
2025-10-16 13:40:35,397 INFO o.a.j.t.JMeterThread: Thread started: recorrido 1-41
2025-10-16 13:40:35,502 INFO o.a.j.t.JMeterThread: Thread is done: recorrido 1-40
2025-10-16 13:40:35,502 INFO o.a.j.t.JMeterThread: Thread finished: recorrido 1-40
2025-10-16 13:40:36,839 INFO o.a.j.t.JMeterThread: Thread is done: recorrido 1-41
2025-10-16 13:40:36,839 INFO o.a.j.t.JMeterThread: Thread finished: recorrido 1-41
2025-10-16 13:40:37,797 INFO o.a.j.t.JMeterThread: Thread started: recorrido 1-42
2025-10-16 13:40:40,198 INFO o.a.j.t.JMeterThread: Thread started: recorrido 1-43
2025-10-16 13:40:40,611 INFO o.a.j.t.JMeterThread: Thread is done: recorrido 1-42
2025-10-16 13:40:40,613 INFO o.a.j.t.JMeterThread: Thread finished: recorrido 1-42
2025-10-16 13:40:42,596 INFO o.a.j.t.JMeterThread: Thread started: recorrido 1-44
2025-10-16 13:40:42,859 INFO o.a.j.t.JMeterThread: Thread is done: recorrido 1-43
2025-10-16 13:40:42,859 INFO o.a.j.t.JMeterThread: Thread finished: recorrido 1-43
2025-10-16 13:40:44,997 INFO o.a.j.t.JMeterThread: Thread started: recorrido 1-45
2025-10-16 13:40:45,004 INFO o.a.j.t.JMeterThread: Thread is done: recorrido 1-44
2025-10-16 13:40:45,004 INFO o.a.j.t.JMeterThread: Thread finished: recorrido 1-44
2025-10-16 13:40:47,373 INFO o.a.j.t.JMeterThread: Thread is done: recorrido 1-45
2025-10-16 13:40:47,373 INFO o.a.j.t.JMeterThread: Thread finished: recorrido 1-45
2025-10-16 13:40:47,398 INFO o.a.j.t.JMeterThread: Thread started: recorrido 1-46
2025-10-16 13:40:49,623 INFO o.a.j.t.JMeterThread: Thread is done: recorrido 1-46
2025-10-16 13:40:49,623 INFO o.a.j.t.JMeterThread: Thread finished: recorrido 1-46
2025-10-16 13:40:49,797 INFO o.a.j.t.JMeterThread: Thread started: recorrido 1-47
2025-10-16 13:40:52,178 INFO o.a.j.t.JMeterThread: Thread is done: recorrido 1-47
2025-10-16 13:40:52,179 INFO o.a.j.t.JMeterThread: Thread finished: recorrido 1-47
2025-10-16 13:40:52,198 INFO o.a.j.t.JMeterThread: Thread started: recorrido 1-48
2025-10-16 13:40:54,129 INFO o.a.j.t.JMeterThread: Thread is done: recorrido 1-48
2025-10-16 13:40:54,129 INFO o.a.j.t.JMeterThread: Thread finished: recorrido 1-48
2025-10-16 13:40:54,597 INFO o.a.j.t.JMeterThread: Thread started: recorrido 1-49
2025-10-16 13:40:56,176 INFO o.a.j.t.JMeterThread: Thread is done: recorrido 1-49
2025-10-16 13:40:56,176 INFO o.a.j.t.JMeterThread: Thread finished: recorrido 1-49
2025-10-16 13:40:56,997 INFO o.a.j.t.JMeterThread: Thread started: recorrido 1-50
2025-10-16 13:40:59,552 INFO o.a.j.t.JMeterThread: Thread is done: recorrido 1-50
2025-10-16 13:40:59,552 INFO o.a.j.t.JMeterThread: Thread finished: recorrido 1-50
2025-10-16 13:40:59,553 INFO o.a.j.e.StandardJMeterEngine: Notifying test listeners of end of test
2025-10-16 13:40:59,555 INFO o.a.j.JMeter: Generating Dashboard
2025-10-16 13:40:59,555 INFO o.a.j.r.d.ReportGenerator: Flushing result collector before report Generation
2025-10-16 13:40:59,586 INFO o.a.j.r.p.NormalizerSampleConsumer: Using format, 'ms', to parse timeStamp field
2025-10-16 13:40:59,950 INFO o.a.j.r.p.AbstractSampleConsumer: class org.apache.jmeter.report.processor.AggregateConsumer#stopProducing(): beginDate produced 0 samples
2025-10-16 13:40:59,950 INFO o.a.j.r.p.AbstractSampleConsumer: class org.apache.jmeter.report.processor.AggregateConsumer#stopProducing(): endDate produced 0 samples
2025-10-16 13:40:59,960 INFO o.a.j.r.p.AbstractSampleConsumer: class org.apache.jmeter.report.processor.ApdexSummaryConsumer#stopProducing(): apdexSummary produced 0 samples
2025-10-16 13:40:59,961 INFO o.a.j.r.p.AbstractSampleConsumer: class org.apache.jmeter.report.processor.RequestsSummaryConsumer#stopProducing(): requestsSummary produced 0 samples
2025-10-16 13:40:59,975 INFO o.a.j.r.p.AbstractSampleConsumer: class org.apache.jmeter.report.processor.StatisticsSummaryConsumer#stopProducing(): statisticsSummary produced 0 samples
2025-10-16 13:40:59,980 INFO o.a.j.r.p.AbstractSampleConsumer: class org.apache.jmeter.report.processor.Top5ErrorsBySamplerConsumer#stopProducing(): top5ErrorsBySampler produced 0 samples
2025-10-16 13:40:59,980 INFO o.a.j.r.p.AbstractSampleConsumer: class org.apache.jmeter.report.processor.ErrorsSummaryConsumer#stopProducing(): errorsSummary produced 0 samples
2025-10-16 13:40:59,980 INFO o.a.j.r.p.AbstractSampleConsumer: class org.apache.jmeter.report.processor.graph.impl.HitsPerSecondGraphConsumer#stopProducing(): hitsPerSecond produced 0 samples
2025-10-16 13:41:00,058 INFO o.a.j.r.p.AbstractSampleConsumer: class org.apache.jmeter.report.processor.graph.impl.LatencyVSRequestGraphConsumer#stopProducing(): latencyVsRequest produced 0 samples
2025-10-16 13:41:00,059 INFO o.a.j.r.p.AbstractSampleConsumer: class org.apache.jmeter.report.processor.graph.impl.SyntheticResponseTimeDistributionGraphConsumer#stopProducing(): syntheticResponseTimeDistribution produced 0 samples
2025-10-16 13:41:00,060 INFO o.a.j.r.p.AbstractSampleConsumer: class org.apache.jmeter.report.processor.graph.impl.BytesThroughputGraphConsumer#stopProducing(): bytesThroughputOverTime produced 0 samples
2025-10-16 13:41:00,060 INFO o.a.j.r.p.AbstractSampleConsumer: class org.apache.jmeter.report.processor.graph.impl.CodesPerSecondGraphConsumer#stopProducing(): codesPerSecond produced 0 samples
2025-10-16 13:41:00,087 INFO o.a.j.r.p.AbstractSampleConsumer: class org.apache.jmeter.report.processor.graph.impl.ResponseTimeVSRequestGraphConsumer#stopProducing(): responseTimeVsRequest produced 0 samples
2025-10-16 13:41:00,087 INFO o.a.j.r.p.AbstractSampleConsumer: class org.apache.jmeter.report.processor.FilterConsumer#stopProducing(): startIntervalControlerFilter produced 2450 samples
2025-10-16 13:41:00,087 INFO o.a.j.r.p.AbstractSampleConsumer: class org.apache.jmeter.report.processor.graph.impl.TotalTPSGraphConsumer#stopProducing(): totalTPS produced 0 samples
2025-10-16 13:41:00,087 INFO o.a.j.r.p.AbstractSampleConsumer: class org.apache.jmeter.report.processor.graph.impl.ActiveThreadsGraphConsumer#stopProducing(): activeThreadsOverTime produced 0 samples
2025-10-16 13:41:00,088 INFO o.a.j.r.p.AbstractSampleConsumer: class org.apache.jmeter.report.processor.graph.impl.TimeVSThreadGraphConsumer#stopProducing(): timeVsThreads produced 0 samples
2025-10-16 13:41:00,088 INFO o.a.j.r.p.AbstractSampleConsumer: class org.apache.jmeter.report.processor.graph.impl.ResponseTimeDistributionGraphConsumer#stopProducing(): responseTimeDistribution produced 0 samples
2025-10-16 13:41:00,090 INFO o.a.j.r.p.AbstractSampleConsumer: class org.apache.jmeter.report.processor.graph.impl.TransactionsPerSecondGraphConsumer#stopProducing(): transactionsPerSecond produced 0 samples
2025-10-16 13:41:00,090 INFO o.a.j.r.p.AbstractSampleConsumer: class org.apache.jmeter.report.processor.graph.impl.ResponseTimePercentilesGraphConsumer#stopProducing(): responseTimePercentiles produced 0 samples
2025-10-16 13:41:00,099 INFO o.a.j.r.p.AbstractSampleConsumer: class org.apache.jmeter.report.processor.graph.impl.ResponseTimePercentilesOverTimeGraphConsumer#stopProducing(): responseTimePercentilesOverTime produced 0 samples
2025-10-16 13:41:00,099 INFO o.a.j.r.p.AbstractSampleConsumer: class org.apache.jmeter.report.processor.graph.impl.ResponseTimeOverTimeGraphConsumer#stopProducing(): responseTimesOverTime produced 0 samples
2025-10-16 13:41:00,100 INFO o.a.j.r.p.AbstractSampleConsumer: class org.apache.jmeter.report.processor.graph.impl.ConnectTimeOverTimeGraphConsumer#stopProducing(): connectTimeOverTime produced 0 samples
2025-10-16 13:41:00,100 INFO o.a.j.r.p.AbstractSampleConsumer: class org.apache.jmeter.report.processor.graph.impl.LatencyOverTimeGraphConsumer#stopProducing(): latenciesOverTime produced 0 samples
2025-10-16 13:41:00,100 INFO o.a.j.r.p.AbstractSampleConsumer: class org.apache.jmeter.report.processor.FilterConsumer#stopProducing(): nameFilter produced 5250 samples
2025-10-16 13:41:00,101 INFO o.a.j.r.p.AbstractSampleConsumer: class org.apache.jmeter.report.processor.FilterConsumer#stopProducing(): dateRangeFilter produced 1050 samples
2025-10-16 13:41:00,101 INFO o.a.j.r.p.AbstractSampleConsumer: class org.apache.jmeter.report.processor.NormalizerSampleConsumer#stopProducing(): normalizer produced 350 samples
2025-10-16 13:41:00,102 INFO o.a.j.r.p.CsvFileSampleSource: produce(): 350 samples produced in 434ms on channel 0
2025-10-16 13:41:00,103 INFO o.a.j.r.d.ReportGenerator: Exporting data using exporter:'json' of className:'org.apache.jmeter.report.dashboard.JsonExporter'
2025-10-16 13:41:00,322 INFO o.a.j.r.d.JsonExporter: Found data for consumer statisticsSummary in context
2025-10-16 13:41:00,322 INFO o.a.j.r.d.JsonExporter: Creating statistics for overall
2025-10-16 13:41:00,323 INFO o.a.j.r.d.JsonExporter: Creating statistics for other transactions
2025-10-16 13:41:00,324 INFO o.a.j.r.d.JsonExporter: Checking output folder
2025-10-16 13:41:00,326 INFO o.a.j.r.d.JsonExporter: Writing statistics JSON to C:\Users\Usuario\Desktop\Universidad\Quinto Semestre\Testing de Performance\Sesion 5\performance-pipeline\results\html-report\statistics.json
2025-10-16 13:41:00,464 INFO o.a.j.r.d.ReportGenerator: Exporting data using exporter:'html' of className:'org.apache.jmeter.report.dashboard.HtmlTemplateExporter'
2025-10-16 13:41:00,472 INFO o.a.j.r.d.HtmlTemplateExporter: Will generate dashboard in folder: C:\Users\Usuario\Desktop\Universidad\Quinto Semestre\Testing de Performance\Sesion 5\performance-pipeline\results\html-report
2025-10-16 13:41:00,886 INFO o.a.j.r.d.HtmlTemplateExporter: Report will be generated in: C:\Users\Usuario\Desktop\Universidad\Quinto Semestre\Testing de Performance\Sesion 5\performance-pipeline\results\html-report, creating folder structure
2025-10-16 13:41:00,895 INFO o.a.j.r.d.TemplateVisitor: Copying folder from 'C:\Program Files\apache-jmeter-5.6.3\apache-jmeter-5.6.3\bin\report-template' to 'C:\Users\Usuario\Desktop\Universidad\Quinto Semestre\Testing de Performance\Sesion 5\performance-pipeline\results\html-report', got message: C:\Users\Usuario\Desktop\Universidad\Quinto Semestre\Testing de Performance\Sesion 5\performance-pipeline\results\html-report, found non empty folder with following content [C:\Users\Usuario\Desktop\Universidad\Quinto Semestre\Testing de Performance\Sesion 5\performance-pipeline\results\html-report\statistics.json], will be ignored
2025-10-16 13:41:02,115 INFO o.a.j.JMeter: Dashboard generated
